Copyright 1986-2022 Xilinx, Inc. All Rights Reserved. Copyright 2022-2024 Advanced Micro Devices, Inc. All Rights Reserved.
---------------------------------------------------------------------------------------------------------------------------------------------------------------------------------------------------------------
| Tool Version : Vivado v.2024.1 (win64) Build 5076996 Wed May 22 18:37:14 MDT 2024
| Date         : Tue Aug 27 10:05:01 2024
| Host         : Nacnano-Laptop running 64-bit major release  (build 9200)
| Command      : report_timing_summary -max_paths 10 -report_unconstrained -file system_timing_summary_routed.rpt -pb system_timing_summary_routed.pb -rpx system_timing_summary_routed.rpx -warn_on_violation
| Design       : system
| Device       : 7a35t-cpg236
| Speed File   : -1  PRODUCTION 1.23 2018-06-13
| Design State : Routed
---------------------------------------------------------------------------------------------------------------------------------------------------------------------------------------------------------------

Timing Summary Report

------------------------------------------------------------------------------------------------
| Timer Settings
| --------------
------------------------------------------------------------------------------------------------

  Enable Multi Corner Analysis               :  Yes
  Enable Pessimism Removal                   :  Yes
  Pessimism Removal Resolution               :  Nearest Common Node
  Enable Input Delay Default Clock           :  No
  Enable Preset / Clear Arcs                 :  No
  Disable Flight Delays                      :  No
  Ignore I/O Paths                           :  No
  Timing Early Launch at Borrowing Latches   :  No
  Borrow Time for Max Delay Exceptions       :  Yes
  Merge Timing Exceptions                    :  Yes
  Inter-SLR Compensation                     :  Conservative

  Corner  Analyze    Analyze    
  Name    Max Paths  Min Paths  
  ------  ---------  ---------  
  Slow    Yes        Yes        
  Fast    Yes        Yes        


------------------------------------------------------------------------------------------------
| Report Methodology
| ------------------
------------------------------------------------------------------------------------------------

Rule       Severity          Description                  Violations  
---------  ----------------  ---------------------------  ----------  
TIMING-17  Critical Warning  Non-clocked sequential cell  20          

Note: This report is based on the most recent report_methodology run and may not be up-to-date. Run report_methodology on the current design for the latest report.



check_timing report

Table of Contents
-----------------
1. checking no_clock (20)
2. checking constant_clock (0)
3. checking pulse_width_clock (0)
4. checking unconstrained_internal_endpoints (20)
5. checking no_input_delay (0)
6. checking no_output_delay (10)
7. checking multiple_clock (0)
8. checking generated_clocks (0)
9. checking loops (0)
10. checking partial_input_delay (0)
11. checking partial_output_delay (0)
12. checking latch_loops (0)

1. checking no_clock (20)
-------------------------
 There are 2 register/latch pins with no clock driven by root clock pin: fdivTarget/clkDiv_reg/Q (HIGH)

 There is 1 register/latch pin with no clock driven by root clock pin: genblk1[0].fDiv/clkDiv_reg/Q (HIGH)

 There is 1 register/latch pin with no clock driven by root clock pin: genblk1[10].fDiv/clkDiv_reg/Q (HIGH)

 There is 1 register/latch pin with no clock driven by root clock pin: genblk1[11].fDiv/clkDiv_reg/Q (HIGH)

 There is 1 register/latch pin with no clock driven by root clock pin: genblk1[12].fDiv/clkDiv_reg/Q (HIGH)

 There is 1 register/latch pin with no clock driven by root clock pin: genblk1[13].fDiv/clkDiv_reg/Q (HIGH)

 There is 1 register/latch pin with no clock driven by root clock pin: genblk1[14].fDiv/clkDiv_reg/Q (HIGH)

 There is 1 register/latch pin with no clock driven by root clock pin: genblk1[15].fDiv/clkDiv_reg/Q (HIGH)

 There is 1 register/latch pin with no clock driven by root clock pin: genblk1[16].fDiv/clkDiv_reg/Q (HIGH)

 There is 1 register/latch pin with no clock driven by root clock pin: genblk1[17].fDiv/clkDiv_reg/Q (HIGH)

 There is 1 register/latch pin with no clock driven by root clock pin: genblk1[1].fDiv/clkDiv_reg/Q (HIGH)

 There is 1 register/latch pin with no clock driven by root clock pin: genblk1[2].fDiv/clkDiv_reg/Q (HIGH)

 There is 1 register/latch pin with no clock driven by root clock pin: genblk1[3].fDiv/clkDiv_reg/Q (HIGH)

 There is 1 register/latch pin with no clock driven by root clock pin: genblk1[4].fDiv/clkDiv_reg/Q (HIGH)

 There is 1 register/latch pin with no clock driven by root clock pin: genblk1[5].fDiv/clkDiv_reg/Q (HIGH)

 There is 1 register/latch pin with no clock driven by root clock pin: genblk1[6].fDiv/clkDiv_reg/Q (HIGH)

 There is 1 register/latch pin with no clock driven by root clock pin: genblk1[7].fDiv/clkDiv_reg/Q (HIGH)

 There is 1 register/latch pin with no clock driven by root clock pin: genblk1[8].fDiv/clkDiv_reg/Q (HIGH)

 There is 1 register/latch pin with no clock driven by root clock pin: genblk1[9].fDiv/clkDiv_reg/Q (HIGH)


2. checking constant_clock (0)
------------------------------
 There are 0 register/latch pins with constant_clock.


3. checking pulse_width_clock (0)
---------------------------------
 There are 0 register/latch pins which need pulse_width check


4. checking unconstrained_internal_endpoints (20)
-------------------------------------------------
 There are 20 pins that are not constrained for maximum delay. (HIGH)

 There are 0 pins that are not constrained for maximum delay due to constant clock.


5. checking no_input_delay (0)
------------------------------
 There are 0 input ports with no input delay specified.

 There are 0 input ports with no input delay but user has a false path constraint.


6. checking no_output_delay (10)
--------------------------------
 There are 10 ports with no output delay specified. (HIGH)

 There are 0 ports with no output delay but user has a false path constraint

 There are 0 ports with no output delay but with a timing clock defined on it or propagating through it


7. checking multiple_clock (0)
------------------------------
 There are 0 register/latch pins with multiple clocks.


8. checking generated_clocks (0)
--------------------------------
 There are 0 generated clocks that are not connected to a clock source.


9. checking loops (0)
---------------------
 There are 0 combinational loops in the design.


10. checking partial_input_delay (0)
------------------------------------
 There are 0 input ports with partial input delay specified.


11. checking partial_output_delay (0)
-------------------------------------
 There are 0 ports with partial output delay specified.


12. checking latch_loops (0)
----------------------------
 There are 0 combinational latch loops in the design through latch input



------------------------------------------------------------------------------------------------
| Design Timing Summary
| ---------------------
------------------------------------------------------------------------------------------------

    WNS(ns)      TNS(ns)  TNS Failing Endpoints  TNS Total Endpoints      WHS(ns)      THS(ns)  THS Failing Endpoints  THS Total Endpoints     WPWS(ns)     TPWS(ns)  TPWS Failing Endpoints  TPWS Total Endpoints  
    -------      -------  ---------------------  -------------------      -------      -------  ---------------------  -------------------     --------     --------  ----------------------  --------------------  
      8.299        0.000                      0                    1        0.505        0.000                      0                    1        4.500        0.000                       0                     2  


All user specified timing constraints are met.


------------------------------------------------------------------------------------------------
| Clock Summary
| -------------
------------------------------------------------------------------------------------------------

Clock        Waveform(ns)       Period(ns)      Frequency(MHz)
-----        ------------       ----------      --------------
sys_clk_pin  {0.000 5.000}      10.000          100.000         


------------------------------------------------------------------------------------------------
| Intra Clock Table
| -----------------
------------------------------------------------------------------------------------------------

Clock             WNS(ns)      TNS(ns)  TNS Failing Endpoints  TNS Total Endpoints      WHS(ns)      THS(ns)  THS Failing Endpoints  THS Total Endpoints     WPWS(ns)     TPWS(ns)  TPWS Failing Endpoints  TPWS Total Endpoints  
-----             -------      -------  ---------------------  -------------------      -------      -------  ---------------------  -------------------     --------     --------  ----------------------  --------------------  
sys_clk_pin         8.299        0.000                      0                    1        0.505        0.000                      0                    1        4.500        0.000                       0                     2  


------------------------------------------------------------------------------------------------
| Inter Clock Table
| -----------------
------------------------------------------------------------------------------------------------

From Clock    To Clock          WNS(ns)      TNS(ns)  TNS Failing Endpoints  TNS Total Endpoints      WHS(ns)      THS(ns)  THS Failing Endpoints  THS Total Endpoints  
----------    --------          -------      -------  ---------------------  -------------------      -------      -------  ---------------------  -------------------  


------------------------------------------------------------------------------------------------
| Other Path Groups Table
| -----------------------
------------------------------------------------------------------------------------------------

Path Group    From Clock    To Clock          WNS(ns)      TNS(ns)  TNS Failing Endpoints  TNS Total Endpoints      WHS(ns)      THS(ns)  THS Failing Endpoints  THS Total Endpoints  
----------    ----------    --------          -------      -------  ---------------------  -------------------      -------      -------  ---------------------  -------------------  


------------------------------------------------------------------------------------------------
| User Ignored Path Table
| -----------------------
------------------------------------------------------------------------------------------------

Path Group    From Clock    To Clock    
----------    ----------    --------    


------------------------------------------------------------------------------------------------
| Unconstrained Path Table
| ------------------------
------------------------------------------------------------------------------------------------

Path Group    From Clock    To Clock    
----------    ----------    --------    
(none)                                    


------------------------------------------------------------------------------------------------
| Timing Details
| --------------
------------------------------------------------------------------------------------------------


---------------------------------------------------------------------------------------------------
From Clock:  sys_clk_pin
  To Clock:  sys_clk_pin

Setup :            0  Failing Endpoints,  Worst Slack        8.299ns,  Total Violation        0.000ns
Hold  :            0  Failing Endpoints,  Worst Slack        0.505ns,  Total Violation        0.000ns
PW    :            0  Failing Endpoints,  Worst Slack        4.500ns,  Total Violation        0.000ns
---------------------------------------------------------------------------------------------------


Max Delay Paths
--------------------------------------------------------------------------------------
Slack (MET) :             8.299ns  (required time - arrival time)
  Source:                 genblk1[0].fDiv/clkDiv_reg/C
                            (rising edge-triggered cell FDRE clocked by sys_clk_pin  {rise@0.000ns fall@5.000ns period=10.000ns})
  Destination:            genblk1[0].fDiv/clkDiv_reg/D
                            (rising edge-triggered cell FDRE clocked by sys_clk_pin  {rise@0.000ns fall@5.000ns period=10.000ns})
  Path Group:             sys_clk_pin
  Path Type:              Setup (Max at Slow Process Corner)
  Requirement:            10.000ns  (sys_clk_pin rise@10.000ns - sys_clk_pin rise@0.000ns)
  Data Path Delay:        1.695ns  (logic 0.580ns (34.222%)  route 1.115ns (65.778%))
  Logic Levels:           1  (LUT1=1)
  Clock Path Skew:        0.000ns (DCD - SCD + CPR)
    Destination Clock Delay (DCD):    4.843ns = ( 14.843 - 10.000 ) 
    Source Clock Delay      (SCD):    5.139ns
    Clock Pessimism Removal (CPR):    0.296ns
  Clock Uncertainty:      0.035ns  ((TSJ^2 + TIJ^2)^1/2 + DJ) / 2 + PE
    Total System Jitter     (TSJ):    0.071ns
    Total Input Jitter      (TIJ):    0.000ns
    Discrete Jitter          (DJ):    0.000ns
    Phase Error              (PE):    0.000ns

    Location             Delay type                Incr(ns)  Path(ns)    Netlist Resource(s)
  -------------------------------------------------------------------    -------------------
                         (clock sys_clk_pin rise edge)
                                                      0.000     0.000 r  
    W5                                                0.000     0.000 r  clk (IN)
                         net (fo=0)                   0.000     0.000    clk
    W5                   IBUF (Prop_ibuf_I_O)         1.458     1.458 r  clk_IBUF_inst/O
                         net (fo=1, routed)           1.967     3.425    clk_IBUF
    BUFGCTRL_X0Y0        BUFG (Prop_bufg_I_O)         0.096     3.521 r  clk_IBUF_BUFG_inst/O
                         net (fo=1, routed)           1.618     5.139    genblk1[0].fDiv/clk
    SLICE_X62Y24         FDRE                                         r  genblk1[0].fDiv/clkDiv_reg/C
  -------------------------------------------------------------------    -------------------
    SLICE_X62Y24         FDRE (Prop_fdre_C_Q)         0.456     5.595 f  genblk1[0].fDiv/clkDiv_reg/Q
                         net (fo=2, routed)           1.115     6.710    genblk1[0].fDiv/clkDiv_reg_0
    SLICE_X62Y24         LUT1 (Prop_lut1_I0_O)        0.124     6.834 r  genblk1[0].fDiv/clkDiv_i_1/O
                         net (fo=1, routed)           0.000     6.834    genblk1[0].fDiv/p_0_in
    SLICE_X62Y24         FDRE                                         r  genblk1[0].fDiv/clkDiv_reg/D
  -------------------------------------------------------------------    -------------------

                         (clock sys_clk_pin rise edge)
                                                     10.000    10.000 r  
    W5                                                0.000    10.000 r  clk (IN)
                         net (fo=0)                   0.000    10.000    clk
    W5                   IBUF (Prop_ibuf_I_O)         1.388    11.388 r  clk_IBUF_inst/O
                         net (fo=1, routed)           1.862    13.250    clk_IBUF
    BUFGCTRL_X0Y0        BUFG (Prop_bufg_I_O)         0.091    13.341 r  clk_IBUF_BUFG_inst/O
                         net (fo=1, routed)           1.502    14.843    genblk1[0].fDiv/clk
    SLICE_X62Y24         FDRE                                         r  genblk1[0].fDiv/clkDiv_reg/C
                         clock pessimism              0.296    15.139    
                         clock uncertainty           -0.035    15.104    
    SLICE_X62Y24         FDRE (Setup_fdre_C_D)        0.029    15.133    genblk1[0].fDiv/clkDiv_reg
  -------------------------------------------------------------------
                         required time                         15.133    
                         arrival time                          -6.834    
  -------------------------------------------------------------------
                         slack                                  8.299    





Min Delay Paths
--------------------------------------------------------------------------------------
Slack (MET) :             0.505ns  (arrival time - required time)
  Source:                 genblk1[0].fDiv/clkDiv_reg/C
                            (rising edge-triggered cell FDRE clocked by sys_clk_pin  {rise@0.000ns fall@5.000ns period=10.000ns})
  Destination:            genblk1[0].fDiv/clkDiv_reg/D
                            (rising edge-triggered cell FDRE clocked by sys_clk_pin  {rise@0.000ns fall@5.000ns period=10.000ns})
  Path Group:             sys_clk_pin
  Path Type:              Hold (Min at Fast Process Corner)
  Requirement:            0.000ns  (sys_clk_pin rise@0.000ns - sys_clk_pin rise@0.000ns)
  Data Path Delay:        0.596ns  (logic 0.186ns (31.219%)  route 0.410ns (68.781%))
  Logic Levels:           1  (LUT1=1)
  Clock Path Skew:        0.000ns (DCD - SCD - CPR)
    Destination Clock Delay (DCD):    1.977ns
    Source Clock Delay      (SCD):    1.465ns
    Clock Pessimism Removal (CPR):    0.512ns

    Location             Delay type                Incr(ns)  Path(ns)    Netlist Resource(s)
  -------------------------------------------------------------------    -------------------
                         (clock sys_clk_pin rise edge)
                                                      0.000     0.000 r  
    W5                                                0.000     0.000 r  clk (IN)
                         net (fo=0)                   0.000     0.000    clk
    W5                   IBUF (Prop_ibuf_I_O)         0.226     0.226 r  clk_IBUF_inst/O
                         net (fo=1, routed)           0.631     0.858    clk_IBUF
    BUFGCTRL_X0Y0        BUFG (Prop_bufg_I_O)         0.026     0.884 r  clk_IBUF_BUFG_inst/O
                         net (fo=1, routed)           0.582     1.465    genblk1[0].fDiv/clk
    SLICE_X62Y24         FDRE                                         r  genblk1[0].fDiv/clkDiv_reg/C
  -------------------------------------------------------------------    -------------------
    SLICE_X62Y24         FDRE (Prop_fdre_C_Q)         0.141     1.606 f  genblk1[0].fDiv/clkDiv_reg/Q
                         net (fo=2, routed)           0.410     2.016    genblk1[0].fDiv/clkDiv_reg_0
    SLICE_X62Y24         LUT1 (Prop_lut1_I0_O)        0.045     2.061 r  genblk1[0].fDiv/clkDiv_i_1/O
                         net (fo=1, routed)           0.000     2.061    genblk1[0].fDiv/p_0_in
    SLICE_X62Y24         FDRE                                         r  genblk1[0].fDiv/clkDiv_reg/D
  -------------------------------------------------------------------    -------------------

                         (clock sys_clk_pin rise edge)
                                                      0.000     0.000 r  
    W5                                                0.000     0.000 r  clk (IN)
                         net (fo=0)                   0.000     0.000    clk
    W5                   IBUF (Prop_ibuf_I_O)         0.414     0.414 r  clk_IBUF_inst/O
                         net (fo=1, routed)           0.685     1.099    clk_IBUF
    BUFGCTRL_X0Y0        BUFG (Prop_bufg_I_O)         0.029     1.128 r  clk_IBUF_BUFG_inst/O
                         net (fo=1, routed)           0.850     1.977    genblk1[0].fDiv/clk
    SLICE_X62Y24         FDRE                                         r  genblk1[0].fDiv/clkDiv_reg/C
                         clock pessimism             -0.512     1.465    
    SLICE_X62Y24         FDRE (Hold_fdre_C_D)         0.091     1.556    genblk1[0].fDiv/clkDiv_reg
  -------------------------------------------------------------------
                         required time                         -1.556    
                         arrival time                           2.061    
  -------------------------------------------------------------------
                         slack                                  0.505    





Pulse Width Checks
--------------------------------------------------------------------------------------
Clock Name:         sys_clk_pin
Waveform(ns):       { 0.000 5.000 }
Period(ns):         10.000
Sources:            { clk }

Check Type        Corner  Lib Pin  Reference Pin  Required(ns)  Actual(ns)  Slack(ns)  Location       Pin
Min Period        n/a     BUFG/I   n/a            2.155         10.000      7.845      BUFGCTRL_X0Y0  clk_IBUF_BUFG_inst/I
Min Period        n/a     FDRE/C   n/a            1.000         10.000      9.000      SLICE_X62Y24   genblk1[0].fDiv/clkDiv_reg/C
Low Pulse Width   Slow    FDRE/C   n/a            0.500         5.000       4.500      SLICE_X62Y24   genblk1[0].fDiv/clkDiv_reg/C
Low Pulse Width   Fast    FDRE/C   n/a            0.500         5.000       4.500      SLICE_X62Y24   genblk1[0].fDiv/clkDiv_reg/C
High Pulse Width  Slow    FDRE/C   n/a            0.500         5.000       4.500      SLICE_X62Y24   genblk1[0].fDiv/clkDiv_reg/C
High Pulse Width  Fast    FDRE/C   n/a            0.500         5.000       4.500      SLICE_X62Y24   genblk1[0].fDiv/clkDiv_reg/C



--------------------------------------------------------------------------------------
Path Group:  (none)
From Clock:  
  To Clock:  

Max Delay            30 Endpoints
Min Delay            30 Endpoints
--------------------------------------------------------------------------------------


Max Delay Paths
--------------------------------------------------------------------------------------
Slack:                    inf
  Source:                 q7seg/ps_reg[0]/C
                            (rising edge-triggered cell FDRE)
  Destination:            an[0]
                            (output port)
  Path Group:             (none)
  Path Type:              Max at Slow Process Corner
  Data Path Delay:        7.301ns  (logic 4.319ns (59.151%)  route 2.983ns (40.849%))
  Logic Levels:           3  (FDRE=1 LUT2=1 OBUF=1)

    Location             Delay type                Incr(ns)  Path(ns)    Netlist Resource(s)
  -------------------------------------------------------------------    -------------------
    SLICE_X65Y24         FDRE                         0.000     0.000 r  q7seg/ps_reg[0]/C
    SLICE_X65Y24         FDRE (Prop_fdre_C_Q)         0.456     0.456 r  q7seg/ps_reg[0]/Q
                         net (fo=11, routed)          0.935     1.391    q7seg/ps[0]
    SLICE_X65Y24         LUT2 (Prop_lut2_I0_O)        0.152     1.543 r  q7seg/an_OBUF[0]_inst_i_1/O
                         net (fo=1, routed)           2.047     3.591    an_OBUF[0]
    U2                   OBUF (Prop_obuf_I_O)         3.711     7.301 r  an_OBUF[0]_inst/O
                         net (fo=0)                   0.000     7.301    an[0]
    U2                                                                r  an[0] (OUT)
  -------------------------------------------------------------------    -------------------

Slack:                    inf
  Source:                 q7seg/ps_reg[1]/C
                            (rising edge-triggered cell FDRE)
  Destination:            seg[6]
                            (output port)
  Path Group:             (none)
  Path Type:              Max at Slow Process Corner
  Data Path Delay:        7.117ns  (logic 4.344ns (61.041%)  route 2.773ns (38.959%))
  Logic Levels:           3  (FDRE=1 LUT2=1 OBUF=1)

    Location             Delay type                Incr(ns)  Path(ns)    Netlist Resource(s)
  -------------------------------------------------------------------    -------------------
    SLICE_X65Y24         FDRE                         0.000     0.000 r  q7seg/ps_reg[1]/C
    SLICE_X65Y24         FDRE (Prop_fdre_C_Q)         0.456     0.456 r  q7seg/ps_reg[1]/Q
                         net (fo=10, routed)          0.851     1.307    q7seg/segDecode/Q[1]
    SLICE_X65Y22         LUT2 (Prop_lut2_I0_O)        0.154     1.461 r  q7seg/segDecode/seg_OBUF[6]_inst_i_1/O
                         net (fo=1, routed)           1.922     3.383    seg_OBUF[6]
    U7                   OBUF (Prop_obuf_I_O)         3.734     7.117 r  seg_OBUF[6]_inst/O
                         net (fo=0)                   0.000     7.117    seg[6]
    U7                                                                r  seg[6] (OUT)
  -------------------------------------------------------------------    -------------------

Slack:                    inf
  Source:                 q7seg/ps_reg[0]/C
                            (rising edge-triggered cell FDRE)
  Destination:            seg[4]
                            (output port)
  Path Group:             (none)
  Path Type:              Max at Slow Process Corner
  Data Path Delay:        7.045ns  (logic 4.336ns (61.543%)  route 2.709ns (38.457%))
  Logic Levels:           3  (FDRE=1 LUT2=1 OBUF=1)

    Location             Delay type                Incr(ns)  Path(ns)    Netlist Resource(s)
  -------------------------------------------------------------------    -------------------
    SLICE_X65Y24         FDRE                         0.000     0.000 r  q7seg/ps_reg[0]/C
    SLICE_X65Y24         FDRE (Prop_fdre_C_Q)         0.456     0.456 r  q7seg/ps_reg[0]/Q
                         net (fo=11, routed)          0.849     1.305    q7seg/segDecode/Q[0]
    SLICE_X65Y22         LUT2 (Prop_lut2_I1_O)        0.152     1.457 r  q7seg/segDecode/seg_OBUF[4]_inst_i_1/O
                         net (fo=1, routed)           1.861     3.317    seg_OBUF[4]
    U5                   OBUF (Prop_obuf_I_O)         3.728     7.045 r  seg_OBUF[4]_inst/O
                         net (fo=0)                   0.000     7.045    seg[4]
    U5                                                                r  seg[4] (OUT)
  -------------------------------------------------------------------    -------------------

Slack:                    inf
  Source:                 q7seg/ps_reg[0]/C
                            (rising edge-triggered cell FDRE)
  Destination:            an[3]
                            (output port)
  Path Group:             (none)
  Path Type:              Max at Slow Process Corner
  Data Path Delay:        6.957ns  (logic 4.320ns (62.100%)  route 2.637ns (37.900%))
  Logic Levels:           3  (FDRE=1 LUT2=1 OBUF=1)

    Location             Delay type                Incr(ns)  Path(ns)    Netlist Resource(s)
  -------------------------------------------------------------------    -------------------
    SLICE_X65Y24         FDRE                         0.000     0.000 r  q7seg/ps_reg[0]/C
    SLICE_X65Y24         FDRE (Prop_fdre_C_Q)         0.456     0.456 f  q7seg/ps_reg[0]/Q
                         net (fo=11, routed)          0.933     1.389    q7seg/ps[0]
    SLICE_X65Y24         LUT2 (Prop_lut2_I0_O)        0.152     1.541 r  q7seg/an_OBUF[3]_inst_i_1/O
                         net (fo=1, routed)           1.704     3.245    an_OBUF[3]
    W4                   OBUF (Prop_obuf_I_O)         3.712     6.957 r  an_OBUF[3]_inst/O
                         net (fo=0)                   0.000     6.957    an[3]
    W4                                                                r  an[3] (OUT)
  -------------------------------------------------------------------    -------------------

Slack:                    inf
  Source:                 q7seg/ps_reg[0]/C
                            (rising edge-triggered cell FDRE)
  Destination:            an[2]
                            (output port)
  Path Group:             (none)
  Path Type:              Max at Slow Process Corner
  Data Path Delay:        6.924ns  (logic 4.103ns (59.259%)  route 2.821ns (40.741%))
  Logic Levels:           3  (FDRE=1 LUT2=1 OBUF=1)

    Location             Delay type                Incr(ns)  Path(ns)    Netlist Resource(s)
  -------------------------------------------------------------------    -------------------
    SLICE_X65Y24         FDRE                         0.000     0.000 r  q7seg/ps_reg[0]/C
    SLICE_X65Y24         FDRE (Prop_fdre_C_Q)         0.456     0.456 r  q7seg/ps_reg[0]/Q
                         net (fo=11, routed)          0.933     1.389    q7seg/ps[0]
    SLICE_X65Y24         LUT2 (Prop_lut2_I0_O)        0.124     1.513 r  q7seg/an_OBUF[2]_inst_i_1/O
                         net (fo=1, routed)           1.888     3.401    an_OBUF[2]
    V4                   OBUF (Prop_obuf_I_O)         3.523     6.924 r  an_OBUF[2]_inst/O
                         net (fo=0)                   0.000     6.924    an[2]
    V4                                                                r  an[2] (OUT)
  -------------------------------------------------------------------    -------------------

Slack:                    inf
  Source:                 q7seg/ps_reg[0]/C
                            (rising edge-triggered cell FDRE)
  Destination:            seg[2]
                            (output port)
  Path Group:             (none)
  Path Type:              Max at Slow Process Corner
  Data Path Delay:        6.856ns  (logic 4.345ns (63.378%)  route 2.511ns (36.622%))
  Logic Levels:           3  (FDRE=1 LUT2=1 OBUF=1)

    Location             Delay type                Incr(ns)  Path(ns)    Netlist Resource(s)
  -------------------------------------------------------------------    -------------------
    SLICE_X65Y24         FDRE                         0.000     0.000 r  q7seg/ps_reg[0]/C
    SLICE_X65Y24         FDRE (Prop_fdre_C_Q)         0.456     0.456 f  q7seg/ps_reg[0]/Q
                         net (fo=11, routed)          0.847     1.303    q7seg/ps[0]
    SLICE_X65Y22         LUT2 (Prop_lut2_I0_O)        0.152     1.455 r  q7seg/seg_OBUF[2]_inst_i_1/O
                         net (fo=1, routed)           1.664     3.119    seg_OBUF[2]
    U8                   OBUF (Prop_obuf_I_O)         3.737     6.856 r  seg_OBUF[2]_inst/O
                         net (fo=0)                   0.000     6.856    seg[2]
    U8                                                                r  seg[2] (OUT)
  -------------------------------------------------------------------    -------------------

Slack:                    inf
  Source:                 q7seg/ps_reg[1]/C
                            (rising edge-triggered cell FDRE)
  Destination:            seg[5]
                            (output port)
  Path Group:             (none)
  Path Type:              Max at Slow Process Corner
  Data Path Delay:        6.841ns  (logic 4.084ns (59.708%)  route 2.756ns (40.292%))
  Logic Levels:           3  (FDRE=1 LUT2=1 OBUF=1)

    Location             Delay type                Incr(ns)  Path(ns)    Netlist Resource(s)
  -------------------------------------------------------------------    -------------------
    SLICE_X65Y24         FDRE                         0.000     0.000 r  q7seg/ps_reg[1]/C
    SLICE_X65Y24         FDRE (Prop_fdre_C_Q)         0.456     0.456 r  q7seg/ps_reg[1]/Q
                         net (fo=10, routed)          0.851     1.307    q7seg/segDecode/Q[1]
    SLICE_X65Y22         LUT2 (Prop_lut2_I0_O)        0.124     1.431 r  q7seg/segDecode/seg_OBUF[5]_inst_i_1/O
                         net (fo=1, routed)           1.905     3.336    seg_OBUF[5]
    V5                   OBUF (Prop_obuf_I_O)         3.504     6.841 r  seg_OBUF[5]_inst/O
                         net (fo=0)                   0.000     6.841    seg[5]
    V5                                                                r  seg[5] (OUT)
  -------------------------------------------------------------------    -------------------

Slack:                    inf
  Source:                 q7seg/ps_reg[0]/C
                            (rising edge-triggered cell FDRE)
  Destination:            an[1]
                            (output port)
  Path Group:             (none)
  Path Type:              Max at Slow Process Corner
  Data Path Delay:        6.815ns  (logic 4.079ns (59.859%)  route 2.735ns (40.141%))
  Logic Levels:           3  (FDRE=1 LUT2=1 OBUF=1)

    Location             Delay type                Incr(ns)  Path(ns)    Netlist Resource(s)
  -------------------------------------------------------------------    -------------------
    SLICE_X65Y24         FDRE                         0.000     0.000 r  q7seg/ps_reg[0]/C
    SLICE_X65Y24         FDRE (Prop_fdre_C_Q)         0.456     0.456 f  q7seg/ps_reg[0]/Q
                         net (fo=11, routed)          0.847     1.303    q7seg/ps[0]
    SLICE_X65Y22         LUT2 (Prop_lut2_I1_O)        0.124     1.427 r  q7seg/an_OBUF[1]_inst_i_1/O
                         net (fo=1, routed)           1.889     3.315    an_OBUF[1]
    U4                   OBUF (Prop_obuf_I_O)         3.499     6.815 r  an_OBUF[1]_inst/O
                         net (fo=0)                   0.000     6.815    an[1]
    U4                                                                r  an[1] (OUT)
  -------------------------------------------------------------------    -------------------

Slack:                    inf
  Source:                 q7seg/ps_reg[0]/C
                            (rising edge-triggered cell FDRE)
  Destination:            seg[3]
                            (output port)
  Path Group:             (none)
  Path Type:              Max at Slow Process Corner
  Data Path Delay:        6.645ns  (logic 4.116ns (61.936%)  route 2.529ns (38.064%))
  Logic Levels:           3  (FDRE=1 LUT2=1 OBUF=1)

    Location             Delay type                Incr(ns)  Path(ns)    Netlist Resource(s)
  -------------------------------------------------------------------    -------------------
    SLICE_X65Y24         FDRE                         0.000     0.000 r  q7seg/ps_reg[0]/C
    SLICE_X65Y24         FDRE (Prop_fdre_C_Q)         0.456     0.456 r  q7seg/ps_reg[0]/Q
                         net (fo=11, routed)          0.849     1.305    q7seg/segDecode/Q[0]
    SLICE_X65Y22         LUT2 (Prop_lut2_I1_O)        0.124     1.429 r  q7seg/segDecode/seg_OBUF[3]_inst_i_1/O
                         net (fo=2, routed)           1.680     3.109    seg_OBUF[0]
    V8                   OBUF (Prop_obuf_I_O)         3.536     6.645 r  seg_OBUF[3]_inst/O
                         net (fo=0)                   0.000     6.645    seg[3]
    V8                                                                r  seg[3] (OUT)
  -------------------------------------------------------------------    -------------------

Slack:                    inf
  Source:                 q7seg/ps_reg[0]/C
                            (rising edge-triggered cell FDRE)
  Destination:            seg[0]
                            (output port)
  Path Group:             (none)
  Path Type:              Max at Slow Process Corner
  Data Path Delay:        6.621ns  (logic 4.091ns (61.782%)  route 2.531ns (38.218%))
  Logic Levels:           3  (FDRE=1 LUT2=1 OBUF=1)

    Location             Delay type                Incr(ns)  Path(ns)    Netlist Resource(s)
  -------------------------------------------------------------------    -------------------
    SLICE_X65Y24         FDRE                         0.000     0.000 r  q7seg/ps_reg[0]/C
    SLICE_X65Y24         FDRE (Prop_fdre_C_Q)         0.456     0.456 r  q7seg/ps_reg[0]/Q
                         net (fo=11, routed)          0.849     1.305    q7seg/segDecode/Q[0]
    SLICE_X65Y22         LUT2 (Prop_lut2_I1_O)        0.124     1.429 r  q7seg/segDecode/seg_OBUF[3]_inst_i_1/O
                         net (fo=2, routed)           1.682     3.111    seg_OBUF[0]
    W7                   OBUF (Prop_obuf_I_O)         3.511     6.621 r  seg_OBUF[0]_inst/O
                         net (fo=0)                   0.000     6.621    seg[0]
    W7                                                                r  seg[0] (OUT)
  -------------------------------------------------------------------    -------------------





Min Delay Paths
--------------------------------------------------------------------------------------
Slack:                    inf
  Source:                 genblk1[10].fDiv/clkDiv_reg/C
                            (rising edge-triggered cell FDRE)
  Destination:            genblk1[10].fDiv/clkDiv_reg/D
  Path Group:             (none)
  Path Type:              Min at Fast Process Corner
  Data Path Delay:        0.354ns  (logic 0.186ns (52.507%)  route 0.168ns (47.493%))
  Logic Levels:           2  (FDRE=1 LUT1=1)

    Location             Delay type                Incr(ns)  Path(ns)    Netlist Resource(s)
  -------------------------------------------------------------------    -------------------
    SLICE_X61Y26         FDRE                         0.000     0.000 r  genblk1[10].fDiv/clkDiv_reg/C
    SLICE_X61Y26         FDRE (Prop_fdre_C_Q)         0.141     0.141 f  genblk1[10].fDiv/clkDiv_reg/Q
                         net (fo=2, routed)           0.168     0.309    genblk1[10].fDiv/clkDiv_reg_0
    SLICE_X61Y26         LUT1 (Prop_lut1_I0_O)        0.045     0.354 r  genblk1[10].fDiv/clkDiv_i_1__9/O
                         net (fo=1, routed)           0.000     0.354    genblk1[10].fDiv/clkDiv_i_1__9_n_0
    SLICE_X61Y26         FDRE                                         r  genblk1[10].fDiv/clkDiv_reg/D
  -------------------------------------------------------------------    -------------------

Slack:                    inf
  Source:                 genblk1[13].fDiv/clkDiv_reg/C
                            (rising edge-triggered cell FDRE)
  Destination:            genblk1[13].fDiv/clkDiv_reg/D
  Path Group:             (none)
  Path Type:              Min at Fast Process Corner
  Data Path Delay:        0.354ns  (logic 0.186ns (52.507%)  route 0.168ns (47.493%))
  Logic Levels:           2  (FDRE=1 LUT1=1)

    Location             Delay type                Incr(ns)  Path(ns)    Netlist Resource(s)
  -------------------------------------------------------------------    -------------------
    SLICE_X63Y25         FDRE                         0.000     0.000 r  genblk1[13].fDiv/clkDiv_reg/C
    SLICE_X63Y25         FDRE (Prop_fdre_C_Q)         0.141     0.141 f  genblk1[13].fDiv/clkDiv_reg/Q
                         net (fo=2, routed)           0.168     0.309    genblk1[13].fDiv/clkDiv_reg_0
    SLICE_X63Y25         LUT1 (Prop_lut1_I0_O)        0.045     0.354 r  genblk1[13].fDiv/clkDiv_i_1__12/O
                         net (fo=1, routed)           0.000     0.354    genblk1[13].fDiv/clkDiv_i_1__12_n_0
    SLICE_X63Y25         FDRE                                         r  genblk1[13].fDiv/clkDiv_reg/D
  -------------------------------------------------------------------    -------------------

Slack:                    inf
  Source:                 genblk1[7].fDiv/clkDiv_reg/C
                            (rising edge-triggered cell FDRE)
  Destination:            genblk1[7].fDiv/clkDiv_reg/D
  Path Group:             (none)
  Path Type:              Min at Fast Process Corner
  Data Path Delay:        0.354ns  (logic 0.186ns (52.507%)  route 0.168ns (47.493%))
  Logic Levels:           2  (FDRE=1 LUT1=1)

    Location             Delay type                Incr(ns)  Path(ns)    Netlist Resource(s)
  -------------------------------------------------------------------    -------------------
    SLICE_X59Y26         FDRE                         0.000     0.000 r  genblk1[7].fDiv/clkDiv_reg/C
    SLICE_X59Y26         FDRE (Prop_fdre_C_Q)         0.141     0.141 f  genblk1[7].fDiv/clkDiv_reg/Q
                         net (fo=2, routed)           0.168     0.309    genblk1[7].fDiv/clkDiv_reg_0
    SLICE_X59Y26         LUT1 (Prop_lut1_I0_O)        0.045     0.354 r  genblk1[7].fDiv/clkDiv_i_1__6/O
                         net (fo=1, routed)           0.000     0.354    genblk1[7].fDiv/clkDiv_i_1__6_n_0
    SLICE_X59Y26         FDRE                                         r  genblk1[7].fDiv/clkDiv_reg/D
  -------------------------------------------------------------------    -------------------

Slack:                    inf
  Source:                 genblk1[15].fDiv/clkDiv_reg/C
                            (rising edge-triggered cell FDRE)
  Destination:            genblk1[15].fDiv/clkDiv_reg/D
  Path Group:             (none)
  Path Type:              Min at Fast Process Corner
  Data Path Delay:        0.354ns  (logic 0.186ns (52.498%)  route 0.168ns (47.502%))
  Logic Levels:           2  (FDRE=1 LUT1=1)

    Location             Delay type                Incr(ns)  Path(ns)    Netlist Resource(s)
  -------------------------------------------------------------------    -------------------
    SLICE_X65Y25         FDRE                         0.000     0.000 r  genblk1[15].fDiv/clkDiv_reg/C
    SLICE_X65Y25         FDRE (Prop_fdre_C_Q)         0.141     0.141 f  genblk1[15].fDiv/clkDiv_reg/Q
                         net (fo=2, routed)           0.168     0.309    genblk1[15].fDiv/clkDiv_reg_0
    SLICE_X65Y25         LUT1 (Prop_lut1_I0_O)        0.045     0.354 r  genblk1[15].fDiv/clkDiv_i_1__14/O
                         net (fo=1, routed)           0.000     0.354    genblk1[15].fDiv/clkDiv_i_1__14_n_0
    SLICE_X65Y25         FDRE                                         r  genblk1[15].fDiv/clkDiv_reg/D
  -------------------------------------------------------------------    -------------------

Slack:                    inf
  Source:                 genblk1[9].fDiv/clkDiv_reg/C
                            (rising edge-triggered cell FDRE)
  Destination:            genblk1[9].fDiv/clkDiv_reg/D
  Path Group:             (none)
  Path Type:              Min at Fast Process Corner
  Data Path Delay:        0.354ns  (logic 0.186ns (52.498%)  route 0.168ns (47.502%))
  Logic Levels:           2  (FDRE=1 LUT1=1)

    Location             Delay type                Incr(ns)  Path(ns)    Netlist Resource(s)
  -------------------------------------------------------------------    -------------------
    SLICE_X59Y27         FDRE                         0.000     0.000 r  genblk1[9].fDiv/clkDiv_reg/C
    SLICE_X59Y27         FDRE (Prop_fdre_C_Q)         0.141     0.141 f  genblk1[9].fDiv/clkDiv_reg/Q
                         net (fo=2, routed)           0.168     0.309    genblk1[9].fDiv/clkDiv_reg_0
    SLICE_X59Y27         LUT1 (Prop_lut1_I0_O)        0.045     0.354 r  genblk1[9].fDiv/clkDiv_i_1__8/O
                         net (fo=1, routed)           0.000     0.354    genblk1[9].fDiv/clkDiv_i_1__8_n_0
    SLICE_X59Y27         FDRE                                         r  genblk1[9].fDiv/clkDiv_reg/D
  -------------------------------------------------------------------    -------------------

Slack:                    inf
  Source:                 genblk1[11].fDiv/clkDiv_reg/C
                            (rising edge-triggered cell FDRE)
  Destination:            genblk1[11].fDiv/clkDiv_reg/D
  Path Group:             (none)
  Path Type:              Min at Fast Process Corner
  Data Path Delay:        0.371ns  (logic 0.186ns (50.171%)  route 0.185ns (49.829%))
  Logic Levels:           2  (FDRE=1 LUT1=1)

    Location             Delay type                Incr(ns)  Path(ns)    Netlist Resource(s)
  -------------------------------------------------------------------    -------------------
    SLICE_X62Y26         FDRE                         0.000     0.000 r  genblk1[11].fDiv/clkDiv_reg/C
    SLICE_X62Y26         FDRE (Prop_fdre_C_Q)         0.141     0.141 f  genblk1[11].fDiv/clkDiv_reg/Q
                         net (fo=2, routed)           0.185     0.326    genblk1[11].fDiv/clkDiv_reg_0
    SLICE_X62Y26         LUT1 (Prop_lut1_I0_O)        0.045     0.371 r  genblk1[11].fDiv/clkDiv_i_1__10/O
                         net (fo=1, routed)           0.000     0.371    genblk1[11].fDiv/clkDiv_i_1__10_n_0
    SLICE_X62Y26         FDRE                                         r  genblk1[11].fDiv/clkDiv_reg/D
  -------------------------------------------------------------------    -------------------

Slack:                    inf
  Source:                 genblk1[4].fDiv/clkDiv_reg/C
                            (rising edge-triggered cell FDRE)
  Destination:            genblk1[4].fDiv/clkDiv_reg/D
  Path Group:             (none)
  Path Type:              Min at Fast Process Corner
  Data Path Delay:        0.371ns  (logic 0.186ns (50.162%)  route 0.185ns (49.838%))
  Logic Levels:           2  (FDRE=1 LUT1=1)

    Location             Delay type                Incr(ns)  Path(ns)    Netlist Resource(s)
  -------------------------------------------------------------------    -------------------
    SLICE_X58Y24         FDRE                         0.000     0.000 r  genblk1[4].fDiv/clkDiv_reg/C
    SLICE_X58Y24         FDRE (Prop_fdre_C_Q)         0.141     0.141 f  genblk1[4].fDiv/clkDiv_reg/Q
                         net (fo=2, routed)           0.185     0.326    genblk1[4].fDiv/clkDiv_reg_0
    SLICE_X58Y24         LUT1 (Prop_lut1_I0_O)        0.045     0.371 r  genblk1[4].fDiv/clkDiv_i_1__3/O
                         net (fo=1, routed)           0.000     0.371    genblk1[4].fDiv/clkDiv_i_1__3_n_0
    SLICE_X58Y24         FDRE                                         r  genblk1[4].fDiv/clkDiv_reg/D
  -------------------------------------------------------------------    -------------------

Slack:                    inf
  Source:                 genblk1[5].fDiv/clkDiv_reg/C
                            (rising edge-triggered cell FDRE)
  Destination:            genblk1[5].fDiv/clkDiv_reg/D
  Path Group:             (none)
  Path Type:              Min at Fast Process Corner
  Data Path Delay:        0.371ns  (logic 0.186ns (50.162%)  route 0.185ns (49.838%))
  Logic Levels:           2  (FDRE=1 LUT1=1)

    Location             Delay type                Incr(ns)  Path(ns)    Netlist Resource(s)
  -------------------------------------------------------------------    -------------------
    SLICE_X58Y25         FDRE                         0.000     0.000 r  genblk1[5].fDiv/clkDiv_reg/C
    SLICE_X58Y25         FDRE (Prop_fdre_C_Q)         0.141     0.141 f  genblk1[5].fDiv/clkDiv_reg/Q
                         net (fo=2, routed)           0.185     0.326    genblk1[5].fDiv/clkDiv_reg_0
    SLICE_X58Y25         LUT1 (Prop_lut1_I0_O)        0.045     0.371 r  genblk1[5].fDiv/clkDiv_i_1__4/O
                         net (fo=1, routed)           0.000     0.371    genblk1[5].fDiv/clkDiv_i_1__4_n_0
    SLICE_X58Y25         FDRE                                         r  genblk1[5].fDiv/clkDiv_reg/D
  -------------------------------------------------------------------    -------------------

Slack:                    inf
  Source:                 genblk1[17].fDiv/clkDiv_reg/C
                            (rising edge-triggered cell FDRE)
  Destination:            genblk1[17].fDiv/clkDiv_reg/D
  Path Group:             (none)
  Path Type:              Min at Fast Process Corner
  Data Path Delay:        0.384ns  (logic 0.209ns (54.393%)  route 0.175ns (45.607%))
  Logic Levels:           2  (FDRE=1 LUT1=1)

    Location             Delay type                Incr(ns)  Path(ns)    Netlist Resource(s)
  -------------------------------------------------------------------    -------------------
    SLICE_X64Y26         FDRE                         0.000     0.000 r  genblk1[17].fDiv/clkDiv_reg/C
    SLICE_X64Y26         FDRE (Prop_fdre_C_Q)         0.164     0.164 f  genblk1[17].fDiv/clkDiv_reg/Q
                         net (fo=2, routed)           0.175     0.339    genblk1[17].fDiv/clkDiv_reg_0
    SLICE_X64Y26         LUT1 (Prop_lut1_I0_O)        0.045     0.384 r  genblk1[17].fDiv/clkDiv_i_1__16/O
                         net (fo=1, routed)           0.000     0.384    genblk1[17].fDiv/clkDiv_i_1__16_n_0
    SLICE_X64Y26         FDRE                                         r  genblk1[17].fDiv/clkDiv_reg/D
  -------------------------------------------------------------------    -------------------

Slack:                    inf
  Source:                 genblk1[2].fDiv/clkDiv_reg/C
                            (rising edge-triggered cell FDRE)
  Destination:            genblk1[2].fDiv/clkDiv_reg/D
  Path Group:             (none)
  Path Type:              Min at Fast Process Corner
  Data Path Delay:        0.384ns  (logic 0.209ns (54.393%)  route 0.175ns (45.607%))
  Logic Levels:           2  (FDRE=1 LUT1=1)

    Location             Delay type                Incr(ns)  Path(ns)    Netlist Resource(s)
  -------------------------------------------------------------------    -------------------
    SLICE_X60Y24         FDRE                         0.000     0.000 r  genblk1[2].fDiv/clkDiv_reg/C
    SLICE_X60Y24         FDRE (Prop_fdre_C_Q)         0.164     0.164 f  genblk1[2].fDiv/clkDiv_reg/Q
                         net (fo=2, routed)           0.175     0.339    genblk1[2].fDiv/clkDiv_reg_0
    SLICE_X60Y24         LUT1 (Prop_lut1_I0_O)        0.045     0.384 r  genblk1[2].fDiv/clkDiv_i_1__1/O
                         net (fo=1, routed)           0.000     0.384    genblk1[2].fDiv/clkDiv_i_1__1_n_0
    SLICE_X60Y24         FDRE                                         r  genblk1[2].fDiv/clkDiv_reg/D
  -------------------------------------------------------------------    -------------------





